Performing C SOURCE FILE Test CMAKE_HAVE_LIBC_PTHREAD failed with the following output:
Change Dir: /home/bien/ros1/hardware/Electronic_devices/no2_sensor/___1_____ROS_Sensor/__A____MPU6050/___no1_____Source/__E__Tu_viet_MPU6050_Raspberry_Ros/build/CMakeFiles/CMakeTmp

Run Build Command(s):/usr/bin/make cmTC_4c0a4/fast && /usr/bin/make -f CMakeFiles/cmTC_4c0a4.dir/build.make CMakeFiles/cmTC_4c0a4.dir/build
make[1]: Entering directory '/home/bien/ros1/hardware/Electronic_devices/no2_sensor/___1_____ROS_Sensor/__A____MPU6050/___no1_____Source/__E__Tu_viet_MPU6050_Raspberry_Ros/build/CMakeFiles/CMakeTmp'
Building C object CMakeFiles/cmTC_4c0a4.dir/src.c.o
/usr/bin/cc   -DCMAKE_HAVE_LIBC_PTHREAD   -o CMakeFiles/cmTC_4c0a4.dir/src.c.o   -c /home/bien/ros1/hardware/Electronic_devices/no2_sensor/___1_____ROS_Sensor/__A____MPU6050/___no1_____Source/__E__Tu_viet_MPU6050_Raspberry_Ros/build/CMakeFiles/CMakeTmp/src.c
Linking C executable cmTC_4c0a4
/usr/bin/cmake -E cmake_link_script CMakeFiles/cmTC_4c0a4.dir/link.txt --verbose=1
/usr/bin/cc  -DCMAKE_HAVE_LIBC_PTHREAD    -rdynamic CMakeFiles/cmTC_4c0a4.dir/src.c.o  -o cmTC_4c0a4 
/usr/bin/ld: CMakeFiles/cmTC_4c0a4.dir/src.c.o: in function `main':
src.c:(.text+0x46): undefined reference to `pthread_create'
/usr/bin/ld: src.c:(.text+0x52): undefined reference to `pthread_detach'
/usr/bin/ld: src.c:(.text+0x63): undefined reference to `pthread_join'
collect2: error: ld returned 1 exit status
make[1]: *** [CMakeFiles/cmTC_4c0a4.dir/build.make:87: cmTC_4c0a4] Error 1
make[1]: Leaving directory '/home/bien/ros1/hardware/Electronic_devices/no2_sensor/___1_____ROS_Sensor/__A____MPU6050/___no1_____Source/__E__Tu_viet_MPU6050_Raspberry_Ros/build/CMakeFiles/CMakeTmp'
make: *** [Makefile:121: cmTC_4c0a4/fast] Error 2


Source file was:
#include <pthread.h>

void* test_func(void* data)
{
  return data;
}

int main(void)
{
  pthread_t thread;
  pthread_create(&thread, NULL, test_func, NULL);
  pthread_detach(thread);
  pthread_join(thread, NULL);
  pthread_atfork(NULL, NULL, NULL);
  pthread_exit(NULL);

  return 0;
}

Determining if the function pthread_create exists in the pthreads failed with the following output:
Change Dir: /home/bien/ros1/hardware/Electronic_devices/no2_sensor/___1_____ROS_Sensor/__A____MPU6050/___no1_____Source/__E__Tu_viet_MPU6050_Raspberry_Ros/build/CMakeFiles/CMakeTmp

Run Build Command(s):/usr/bin/make cmTC_0898f/fast && /usr/bin/make -f CMakeFiles/cmTC_0898f.dir/build.make CMakeFiles/cmTC_0898f.dir/build
make[1]: Entering directory '/home/bien/ros1/hardware/Electronic_devices/no2_sensor/___1_____ROS_Sensor/__A____MPU6050/___no1_____Source/__E__Tu_viet_MPU6050_Raspberry_Ros/build/CMakeFiles/CMakeTmp'
Building C object CMakeFiles/cmTC_0898f.dir/CheckFunctionExists.c.o
/usr/bin/cc   -DCHECK_FUNCTION_EXISTS=pthread_create   -o CMakeFiles/cmTC_0898f.dir/CheckFunctionExists.c.o   -c /usr/share/cmake-3.16/Modules/CheckFunctionExists.c
Linking C executable cmTC_0898f
/usr/bin/cmake -E cmake_link_script CMakeFiles/cmTC_0898f.dir/link.txt --verbose=1
/usr/bin/cc  -DCHECK_FUNCTION_EXISTS=pthread_create    -rdynamic CMakeFiles/cmTC_0898f.dir/CheckFunctionExists.c.o  -o cmTC_0898f  -lpthreads 
/usr/bin/ld: cannot find -lpthreads
collect2: error: ld returned 1 exit status
make[1]: *** [CMakeFiles/cmTC_0898f.dir/build.make:87: cmTC_0898f] Error 1
make[1]: Leaving directory '/home/bien/ros1/hardware/Electronic_devices/no2_sensor/___1_____ROS_Sensor/__A____MPU6050/___no1_____Source/__E__Tu_viet_MPU6050_Raspberry_Ros/build/CMakeFiles/CMakeTmp'
make: *** [Makefile:121: cmTC_0898f/fast] Error 2



